hash size: 1048576
rate: 0.25
pos: 0
result: 762898,764277,763552,764750,762849,764345,764088,763097,764344,763296,763553,764763,763640,763898,764059,763512,763075,765135,763325,762947,
pos: 0.2
result: 659852,660585,657467,658596,657379,658266,660334,658750,659311,659569,658336,660272,659523,659996,658463,659275,660921,659146,659051,660232,
pos: 0.4
result: 522165,521807,522445,522088,523777,525154,524460,524658,522505,520931,521442,521415,523723,526421,521587,521754,519869,525145,522918,525337,
pos: 0.6
result: 0,0,0,8,4,0,4,6,4,0,0,0,0,0,0,0,4,0,4,8,
pos: 0.8
result: 0,4,0,0,0,0,2,0,0,0,0,2,6,4,0,0,0,0,0,0,
pos: 1
result: 2,0,2,0,0,0,8,0,4,0,0,0,4,4,0,4,4,4,0,0,

hash size: 1048576
rate: 0.25
pos: 0.5
result: 402197,402326,396788,399696,395708,398827,397068,395955,403616,400522,397962,398942,404798,391234,396806,394022,396086,394989,401455,400384,


hash size: 1048576
rate: 0.25
pos: 0.54
result: 2,0,0,2,0,4,0,2,0,2,2,2,0,0,2,4,4,0,0,0,

hash size: 1048576
rate: 0.25
pos: 0
result: 764174,763413,763000,764997,764591,764080,763572,764813,764028,764515,763877,763330,764183,764442,764282,764124,762115,764274,762921,763996,
pos: 0.2
result: 658686,660215,659275,657414,659864,659360,658656,658079,659375,658527,659633,658233,660477,659184,660716,659106,659318,659956,658840,658285,
pos: 0.4
result: 523852,521476,524412,521174,523691,526179,521432,522386,521737,522566,520127,520825,524292,525094,523863,523061,524242,521043,521588,521974,
pos: 0.6
result: 0,2,0,0,0,0,4,0,0,0,0,0,0,2,2,0,0,0,4,8,
pos: 0.8
result: 0,0,0,0,0,0,4,0,0,0,0,0,0,0,0,0,0,2,12,2,
pos: 1
result: 0,0,0,6,0,0,0,0,0,4,2,2,2,0,0,0,0,2,0,0,

hash size: 1048576
rate: 0.25
pos: 0
result: 763919,763642,764359,762950,763251,763783,764094,762446,763970,763866,763889,764172,764109,763380,764843,762953,763725,763952,763502,762727,
pos: 0.2
result: 659459,659664,660289,660421,661900,660227,660373,658541,660803,658665,660771,660013,659343,660463,659662,658759,659278,658148,659090,659879,
pos: 0.4
result: 520334,522934,526652,522934,523345,522521,522509,525087,521902,524888,523099,522901,523288,522030,520866,521023,522570,522623,521441,523064,
pos: 0.6
result: 4,0,4,0,0,0,0,0,0,0,0,4,0,0,0,0,0,18,0,10,
pos: 0.8
result: 0,4,2,4,12,2,0,6,0,8,0,2,4,2,0,2,0,8,4,2,
pos: 1
result: 0,4,0,2,0,0,0,2,0,8,0,0,0,0,0,4,0,0,8,0,

hash size: 1048576
rate: 0.25
pos: 0.42
result: 501302,505451,506844,505695,502830,505801,504586,502730,505707,503871,503711,503183,505257,505390,509050,505680,505545,501459,505245,506332,
pos: 0.44
result: 483238,485058,485456,482256,484282,482862,485789,486070,486390,482408,487208,481865,482321,486037,488284,484065,484456,483167,485890,481957,
pos: 0.46
result: 463882,465514,461763,461700,461442,463487,464358,460435,463175,463410,462353,462273,461870,464310,463400,464634,461785,465140,460134,463634,
pos: 0.48
result: 441524,437986,435965,439756,433614,434561,436888,433088,433020,439384,437543,434192,438964,438428,432571,428084,435449,435052,433166,437127,

hash size: 1048576
rate: 0.25
pos: 0.42
result: 506747,504835,501837,501162,502369,504287,504531,502703,504282,505109,504564,502083,503879,501881,505604,502599,504808,504368,503657,503577,
pos: 0.44
result: 482914,482844,485044,485716,487464,485067,482156,484717,484917,484757,483930,483635,486985,482850,488988,485782,482929,482056,484152,484359,
pos: 0.46
result: 466609,463483,461105,462155,460912,460165,460648,465069,462262,463123,461474,461779,463131,460456,464239,458653,459749,463433,463196,462503,
pos: 0.48
result: 436922,436814,436455,434607,437485,431227,434687,439920,437386,439524,433689,433232,439741,436616,437136,438018,441257,435882,433540,432958,

hash size: 1048576
rate: 0.25
pos: 0.42
result: 501517,504371,504566,507131,503143,507491,505829,503662,506887,503498,502047,503688,503964,503157,504900,505585,503131,505600,502829,503691,
pos: 0.44
result: 485175,483122,486413,484298,484721,484721,485566,483744,483198,485622,484847,483148,484469,485346,484701,486579,484569,487348,482148,482947,
pos: 0.46
result: 464083,462457,462561,461662,461803,462978,462283,460767,459177,464361,465231,460487,460903,464076,462183,463476,462988,461648,459751,463449,
pos: 0.48
result: 437550,439862,437221,436115,439255,438501,439912,436587,436867,435274,434861,435524,434742,431118,438045,433378,432375,435850,438938,431280,

hash size: 1048576
rate: 0.25
pos: 0.5
result: 399336,397541,401065,395445,398039,399990,401378,399277,400757,391040,403735,399678,404182,397690,402925,406855,401514,400112,398467,402037,
pos: 0.52
result: 2,2,0,0,0,0,6,2,2,0,14,0,4,2,0,0,0,2,0,0,
pos: 0.54
result: 0,4,0,0,6,0,6,6,0,4,4,2,0,0,0,0,0,2,4,0,
pos: 0.56
result: 4,2,4,0,0,0,2,2,0,0,0,0,0,12,4,0,2,0,0,4,
pos: 0.58
result: 2,0,0,0,6,0,0,2,0,2,0,0,0,2,2,6,0,2,6,0,
pos: 0.6
result: 0,2,0,0,0,0,10,0,0,0,0,2,0,4,4,8,2,2,0,0,

hash size: 1048576
rate: 0.25
pos: 0.5
result: 398702,401100,394769,393303,399491,393653,400649,400161,394128,393098,396910,394880,402079,400711,401645,395986,402880,398219,397925,400213,
pos: 0.52
result: 4,0,0,0,20,2,0,2,0,4,6,2,4,342423,2,0,0,0,0,0,
pos: 0.54
result: 0,4,0,6,0,0,6,0,0,2,6,0,0,0,4,0,0,0,0,8,
pos: 0.56
result: 0,0,6,0,0,6,4,0,6,16,0,4,0,2,6,2,6,0,2,0,
pos: 0.58
result: 0,0,0,8,0,0,2,4,4,2,6,0,0,2,0,0,2,0,4,0,

hash size: 1048576
rate: 0.25
pos: 0.5
result: 402573,397019,394580,392141,398340,399983,403402,400063,403020,402920,395602,403160,397522,394876,399466,404931,401255,403180,400756,402180,
pos: 0.52
result: 10,4,0,0,0,2,2,2,0,0,0,0,0,0,4,2,0,0,0,0,
pos: 0.54
result: 0,0,16,2,0,6,0,0,0,2,0,2,2,0,4,0,2,0,6,0,
pos: 0.56
result: 10,0,4,0,0,0,0,0,0,8,0,6,0,0,8,0,0,0,2,10,
pos: 0.58
result: 4,0,4,0,6,4,0,6,0,0,0,0,0,0,0,0,2,0,0,0,

