hash size: 1048576
rate: 0.2
pos: 0
result: 667223,667476,667931,666759,668138,669395,669333,669592,668256,668865,
pos: 0.2
result: 561807,560698,563348,560955,563716,562657,560744,560893,561460,562329,
pos: 0.4
result: 2,0,0,4,0,2,0,0,2,0,
pos: 0.6
result: 6,0,6,0,0,0,0,0,2,4,
pos: 0.8
result: 0,4,10,0,0,6,0,0,14,0,
pos: 1
result: 4,0,6,0,0,0,2,6,0,0,

hash size: 1048576
rate: 0.2
pos: 0
result: 669479,669243,668448,667484,667827,667702,668047,669395,669725,667848,
pos: 0.2
result: 560916,563830,563647,560795,563203,563218,562305,561950,563074,561398,
pos: 0.4
result: 0,0,0,2,2,12,0,12,0,0,
pos: 0.6
result: 0,0,4,0,2,6,8,0,0,0,
pos: 0.8
result: 2,2,0,0,6,0,2,0,0,2,
pos: 1
result: 0,0,0,0,0,8,0,0,0,2,

hash size: 1048576
rate: 0.2
pos: 0
result: 668795,668581,666855,669209,669067,669522,668415,668125,669518,668181,
pos: 0.2
result: 562036,562900,562402,562769,565788,563607,564286,563199,561845,563692,
pos: 0.4
result: 2,6,0,2,0,4,0,0,2,2,
pos: 0.6
result: 0,0,0,8,2,10,6,0,0,0,
pos: 0.8
result: 0,2,6,0,0,0,0,10,2,4,
pos: 1
result: 0,2,0,2,4,0,0,4,0,0,

hash size: 1048576
rate: 0.2
pos: 0
result: 669613,669089,668950,669802,668997,666705,669731,669113,668096,669047,
pos: 0.2
result: 562140,562581,562802,561762,560577,558663,563549,563107,559851,562811,
pos: 0.4
result: 12,0,6,0,2,0,0,0,2,2,
pos: 0.6
result: 2,0,0,4,0,0,0,0,6,2,
pos: 0.8
result: 0,14,0,0,2,2,2,6,0,2,
pos: 1
result: 0,0,4,16,2,0,2,0,0,0,

hash size: 1048576
rate: 0.2
pos: 0
result: 670075,669178,667218,668511,669528,667022,668389,667963,669225,669520,
pos: 0.2
result: 562747,560594,564749,563650,561686,560457,561937,561120,560382,563399,
pos: 0.4
result: 0,0,0,0,2,0,2,0,0,2,
pos: 0.6
result: 0,0,0,2,0,10,0,0,2,0,
pos: 0.8
result: 0,0,0,0,0,4,0,0,8,6,
pos: 1
result: 0,0,0,2,0,0,2,2,0,0,

