hash size: 1048576
rate: 0.8
pos: 0
result: 188508,187924,189576,187802,189337,188401,188086,187355,189489,189013,187991,187619,186999,186497,186164,188454,188448,190250,187617,188348,
pos: 0.2
result: 188833,188594,185980,188679,188777,188539,187061,188471,190082,189662,189743,188937,188168,189742,189607,188061,188684,189485,189705,187855,
pos: 0.4
result: 190619,193340,192452,190941,193682,190820,191661,190877,191201,192435,192299,192636,191595,192182,193964,191947,192243,191497,191625,191322,
pos: 0.6
result: 188792,188427,188258,188168,188500,188327,187515,190812,190419,187501,187434,188343,188431,187231,188820,190379,188644,188723,186874,189601,
pos: 0.8
result: 188337,187553,189031,190155,188542,187677,189206,189092,188693,190132,188105,188982,189065,188734,188193,188096,189000,189185,188243,188937,
pos: 1
result: 0,0,0,0,2,4,0,2,0,0,22,0,0,0,0,10,0,0,0,8,

hash size: 1048576
rate: 0.8
pos: 0
result: 188596,188670,187111,187483,189712,190205,189968,189234,188634,190669,186275,189201,187978,188095,188162,189319,188472,188447,187788,188872,
pos: 0.2
result: 187552,191384,189071,188575,188764,188328,188264,186965,189118,188169,188234,189917,187997,188448,188563,188748,189245,188422,189462,189413,
pos: 0.4
result: 193014,192930,193366,193505,193124,191341,191230,191008,193021,192126,191339,191254,192385,190429,191589,192041,192617,193184,190249,191527,
pos: 0.6
result: 187844,187260,188676,188383,188499,187775,187606,187666,187643,188396,192482,188169,189455,188370,187869,188503,188780,187514,188195,189482,
pos: 0.8
result: 190047,188750,188744,189963,189123,189403,188448,188014,189279,188585,188335,189289,190183,188863,189123,188326,188425,188657,187928,189210,
pos: 1
result: 0,0,0,4,0,0,4,0,0,0,12,2,6,0,0,0,0,0,0,0,

hash size: 1048576
rate: 0.8
pos: 0
result: 189290,189838,187480,189968,189133,189752,189066,187589,188458,188383,187537,187071,187814,187495,187774,187496,188860,189186,188021,188747,
pos: 0.2
result: 190013,189461,188819,187877,191895,188890,188158,187932,187790,189226,189650,188092,189981,187717,188598,187461,188365,189149,189665,187324,
pos: 0.4
result: 192162,192457,191830,192287,190552,193738,193052,192151,193164,191786,190841,191492,191274,190343,192491,191286,191585,191618,190458,190941,
pos: 0.6
result: 189537,189528,188575,188959,188389,189261,188244,187322,188429,189107,188311,188655,188087,187924,190081,188765,189720,188429,189886,188791,
pos: 0.8
result: 188511,188391,189876,187808,190706,190406,189276,187541,188937,188275,188194,187493,187960,188839,189617,191155,186702,187695,188589,190497,
pos: 1
result: 4,2,0,0,0,0,2,2,0,6,4,2,2,0,0,8,0,2,0,0,


hash size: 1048576
rate: 0.8
pos: 0.82
result: 189513,190039,188733,188423,189138,188233,190144,187601,189333,188503,189442,188171,189209,189095,188781,186916,188850,189444,188668,187369,
pos: 0.84
result: 190115,190271,189917,190136,187743,187401,189962,187892,189817,189226,188923,190670,188570,190051,188642,188780,189161,187120,189173,187876,
pos: 0.86
result: 187663,188642,188773,188958,187136,188493,186920,188968,188523,189978,188126,188672,189707,187854,188510,188643,187392,189407,189199,191057,
pos: 0.88
result: 188811,188788,188224,187510,187287,187393,187966,188086,190187,188208,188977,189390,189045,188873,189170,187198,188845,189847,188603,189006,
pos: 0.9
result: 188476,189538,187994,187868,189289,189157,189334,188164,190132,188336,188655,187421,188226,187918,187096,188859,188234,188780,187395,188218,
pos: 0.92
result: 177639,178579,176497,176591,177175,177489,176535,176676,177047,177906,176553,177744,176597,176794,175698,177213,176344,177341,176372,175007,
pos: 0.94
result: 143276,145359,145959,144301,146326,146357,146324,141228,146954,146873,143903,147155,145155,143858,144250,142822,142476,145965,145373,143277,
pos: 0.96
result: 6,38,26,18,0,2,6,11,12,20,14,18,6,34,12,0,22,12,0,22,
pos: 0.98
result: 4,4,8,0,0,8,0,0,0,2,0,0,12,16,8,0,6,12,2,6,

