hash size: 1048576
rate: 0.4
pos: 0
result: 804184,804679,803784,803982,804515,804725,805157,803701,805250,803710,
pos: 0.2
result: 802906,804616,803846,803757,803909,805143,803892,804212,804073,804920,
pos: 0.4
result: 664596,665531,666498,664484,665710,665272,665942,666125,665633,665794,
pos: 0.6
result: 488266,486978,488155,488941,486733,487538,486661,488335,487861,486280,
pos: 0.8
result: 0,2,0,2,2,2,0,0,0,0,
pos: 1
result: 0,4,0,0,0,0,8,0,0,2,

hash size: 1048576
rate: 0.4
pos: 0
result: 805086,802979,804695,804162,803985,804054,804641,805051,803812,804889,
pos: 0.2
result: 804959,803500,803792,804283,804866,804408,803901,803952,803843,804001,
pos: 0.4
result: 664907,666153,665528,664564,666744,665907,665084,665778,664528,667406,
pos: 0.6
result: 486199,487985,488352,487919,487805,485614,485614,487193,489090,485715,
pos: 0.8
result: 0,0,0,0,4,0,12,4,0,0,
pos: 1
result: 0,2,2,0,10,0,18,0,2,4,

hash size: 1048576
rate: 0.4
pos: 0
result: 804466,804004,804938,805365,804745,803652,804376,804480,803559,804561,
pos: 0.2
result: 803926,804477,803855,803586,803807,803385,804462,804193,803339,805006,
pos: 0.4
result: 666188,664460,664648,665628,665084,664864,665317,665709,665796,665316,
pos: 0.6
result: 486074,484758,487229,488226,488151,488533,488028,489306,484782,485700,
pos: 0.8
result: 0,0,6,4,0,0,8,2,0,4,
pos: 1
result: 0,0,0,0,2,0,4,2,2,0,

hash size: 1048576
rate: 0.4
pos: 0
result: 805123,804047,804659,804393,804505,803877,804695,804099,805334,803728,
pos: 0.2
result: 804417,804250,803926,803894,804104,804152,804426,804551,803704,804203,
pos: 0.4
result: 665754,665903,666134,664963,665840,665901,665467,664587,666562,666706,
pos: 0.6
result: 487300,491303,488346,487222,487745,487322,488402,489601,488634,488745,
pos: 0.8
result: 6,0,0,2,0,0,4,0,0,34,
pos: 1
result: 0,2,0,0,0,2,0,0,8,0,

hash size: 1048576
rate: 0.4
pos: 0
result: 805083,804216,803312,804333,803758,803980,804240,805014,804849,805098,
pos: 0.2
result: 804891,803856,804026,803268,803449,804253,804460,803336,804401,803759,
pos: 0.4
result: 665619,665808,665403,664486,665667,664869,665528,665034,665396,665399,
pos: 0.6
result: 486266,488181,487498,488293,484684,488066,488062,488737,486542,489856,
pos: 0.8
result: 0,2,4,0,0,2,0,0,2,12,
pos: 1
result: 0,0,0,0,2,0,0,4,2,4,




hash size: 1048576
rate: 0.4
pos: 0.62
result: 466962,469509,470155,469196,471347,466189,469190,467395,469513,469011,472471,465792,466981,466548,469416,467350,467900,466681,467325,471000,
pos: 0.64
result: 447398,448451,448559,447163,449307,449650,449870,444959,446970,449022,446533,448075,446791,449442,447824,447407,449726,450432,449374,447676,
pos: 0.66
result: 422858,427609,428579,423652,426479,427079,428504,425515,425140,424462,427683,427911,425678,425552,427759,424355,427917,426752,424705,428491,
pos: 0.68
result: 404765,405942,409321,401858,399463,404495,403160,403888,403402,406185,403717,403836,405865,404876,402699,404955,402905,401879,402646,406825,
pos: 0.7
result: 377676,380652,379829,381326,380067,379561,380442,382218,380983,377672,377362,380010,379034,377642,380982,379480,380085,380083,382219,380728,
pos: 0.72
result: 344726,349597,352028,350993,348766,352458,351577,351245,351581,354406,352015,349846,354511,346508,348135,347766,348527,350090,355658,351955,
pos: 0.74
hash size: 1048576
rate: 0.4
pos: 0.74
result: 303711,297717,306958,299338,299704,303688,283978,316166,311694,302650,309152,308254,310529,312505,308020,301922,307292,311901,303100,306148,
pos: 0.76
result: 0,2,2,0,2,0,0,0,0,0,0,2,2,2,4,8,0,0,0,4,
pos: 0.78
result: 0,0,4,0,0,0,2,0,0,0,0,0,2,0,0,4,0,4,4,0,
pos: 0.8
result: 0,10,0,0,2,2,0,2,4,0,0,0,2,6,2,0,6,0,4,0,

hash size: 1048576
rate: 0.4
pos: 0.62
result: 468270,465905,469080,467241,467795,468392,469425,468069,469005,467830,471113,467557,468313,466883,468135,470529,468072,470090,467605,468781,
pos: 0.64
result: 448491,449623,447110,448348,447448,447167,449882,449414,448197,447710,448019,447278,448056,445919,448123,446228,447797,446905,448114,446805,
pos: 0.66
result: 426889,429728,425662,428861,427529,429699,427555,427235,426675,425367,426350,426186,426398,425216,424444,426712,428872,427611,428682,427328,
pos: 0.68
result: 401743,400986,400755,406358,404481,405058,402649,403830,403542,406671,405871,403267,401977,403668,405899,404554,406493,404754,403776,402356,
pos: 0.7
result: 376142,378462,380287,381678,380581,380949,378010,380399,378493,380584,378163,377753,377608,379988,377133,378684,377481,377185,379750,377031,
pos: 0.72
result: 352312,350548,352647,344619,345597,351618,348907,349515,351708,350543,346945,349313,348319,349419,345339,343760,351157,354126,353063,354602,
pos: 0.74


hash size: 1048576
rate: 0.4
pos: 0.62
result: 468473,469554,469559,467333,468151,466097,469394,467495,468661,471444,471637,465688,467960,467749,468364,468028,465858,470086,466033,466871,
pos: 0.64
result: 447981,449263,446965,447055,448624,446205,447256,446030,445958,447210,447683,448966,450309,449012,450239,450248,447112,449087,448925,446660,
pos: 0.66
result: 427286,425306,426625,429048,427622,429377,425837,428024,426163,425525,425801,424681,426308,425112,426371,428246,424318,427234,428276,428060,
pos: 0.68
result: 403562,399196,402480,405208,404574,402182,403869,404698,406533,405886,404353,406328,406488,407393,404874,402701,406064,404623,403370,401271,
pos: 0.7
result: 384123,379112,375113,378996,381845,375965,379406,378622,378759,378694,383931,378106,377561,378990,373403,378754,374732,385417,374281,379989,
pos: 0.72
result: 351616,346780,352393,344222,344373,347438,350412,350600,342042,353649,353435,349988,348691,346764,350186,351248,352253,348492,346719,349234,
pos: 0.74
hash size: 1048576
rate: 0.4
pos: 0.74
result: 305090,306582,311229,297620,301510,310215,308429,303907,299464,306258,298654,308795,308355,304943,303889,299935,300704,305688,296763,304063,
pos: 0.76
result: 2,2,0,8,0,6,2,4,0,2,2,0,2,12,10,12,10,0,0,10,
pos: 0.78
result: 2,0,8,0,4,0,0,2,2,0,10,0,0,0,0,0,0,2,2,12,
pos: 0.8
result: 2,0,0,0,6,0,0,4,6,4,2,0,8,0,0,0,2,4,4,0,

