hash size: 1048576
rate: 0.2
pos: 0.2
result: 561535,562726,562704,561605,561636,563193,562755,562314,561318,559278,563583,562670,562473,563237,563779,561891,562495,562634,562749,560981,
pos: 0.22
result: 548945,549019,549525,547979,550529,547865,550745,548921,550451,549280,549584,549820,547840,548237,551335,548857,548600,547702,546082,548423,
pos: 0.24
result: 540808,534070,536209,538064,535502,537433,534430,535742,533947,535200,537209,537273,535235,536688,537025,538443,535854,535841,537359,536003,
pos: 0.26
result: 522659,519388,521792,520917,521055,522656,521967,519468,520327,521119,522103,523329,521651,524259,520954,523423,522524,520691,520650,519316,
pos: 0.28
result: 507873,503504,508120,504075,508480,503470,504691,503209,503220,505624,507293,508534,505956,503280,503557,505117,507902,503801,503766,506596,


rate: 0.2
pos: 0.2
result: 561966,562918,563174,561631,561889,566208,563985,561746,565036,560352,563245,561459,562348,560000,563521,560584,563863,563439,561167,563311,
pos: 0.22
result: 547636,551928,550744,549333,550194,546484,549917,549550,547029,550027,549062,549823,549986,550042,547689,548922,550546,550213,550663,549854,
pos: 0.24
result: 535221,537680,535941,536940,536909,537050,535632,535019,537170,535372,536708,535987,535806,535210,535297,538536,536415,533776,538062,537215,
pos: 0.26
result: 523320,520261,524247,520197,523691,518224,519824,519548,522580,523553,521245,516876,519689,519594,524196,517969,523004,521839,522912,519659,
pos: 0.28
result: 504019,505910,502163,502976,506311,505884,504592,507694,504005,505676,506410,500972,508469,504833,503608,509592,505463,508844,505007,506617,

hash size: 1048576
rate: 0.2
pos: 0.2
result: 562266,562989,562143,561782,560039,561391,562373,563416,560948,562544,561887,565855,561330,561853,561115,563480,559519,562662,563937,562172,
pos: 0.22
result: 549069,549354,548553,548941,551104,549462,549941,547666,548391,549273,550726,549262,548050,550552,549945,550876,547454,551861,550728,549063,
pos: 0.24
result: 536887,537385,536036,533942,535078,536346,538017,535639,536522,537878,537593,539572,536084,534370,535048,535571,536031,535396,536702,535393,
pos: 0.26
result: 519957,523244,520923,521955,523982,522830,520825,521868,520294,520401,524818,522107,523582,521031,518756,522834,519982,520169,520665,522264,
pos: 0.28
result: 506114,506031,504656,505009,506588,508216,505217,503071,502951,505222,506404,507058,506398,505651,509468,506325,506667,503282,505051,504428,

hash size: 1048576
rate: 0.2
pos: 0.3
result: 487354,486429,491165,488318,487456,489411,488138,489936,488584,486150,488118,490521,488159,488320,488351,488881,486625,486408,488941,490644,
pos: 0.32
result: 470541,469924,467612,468292,470021,465526,473049,467336,467319,467655,468139,468427,463689,467796,473471,469026,471758,468172,467787,467831,
pos: 0.34
result: 442739,447176,450853,445035,440669,443864,448496,443093,445984,442530,448022,443217,447879,448252,447352,448109,443895,438863,449169,446945,
pos: 0.36
result: 418090,417104,422224,415015,413767,426112,414974,414337,417338,420810,414608,420228,420673,422044,417977,414693,413231,414643,410814,414868,
pos: 0.38
result: 379424,368044,368544,373671,379284,370534,375362,378413,373182,359391,376783,363912,4,377871,369894,371633,369869,380431,378033,358218,

hash size: 1048576
rate: 0.2
pos: 0.3
result: 486449,488778,487235,490928,490376,484105,485512,490038,490494,488837,486150,488242,491301,488407,490706,485292,488116,489689,486965,490173,
pos: 0.32
result: 469260,469699,466498,466963,468674,473950,468603,470083,470010,470372,466550,469355,466889,473117,466682,467194,464341,462957,468916,467793,
pos: 0.34
result: 441434,445368,442764,446162,444826,445457,447494,444911,447448,444474,444175,445278,445874,443236,442677,447114,448210,450533,441603,445849,
pos: 0.36
result: 415052,415273,422249,424302,414114,417011,418655,414390,415401,418415,413141,413084,417888,421362,418294,424171,417082,414270,420179,420806,
pos: 0.38
result: 365591,378086,366737,363607,373776,378301,366320,365732,367024,359435,382412,381406,357037,379241,380289,375338,371657,370083,372708,392556,

hash size: 1048576
rate: 0.2
pos: 0.3
result: 488704,489812,490287,485808,486407,488087,488316,483854,486780,490165,491749,485804,490993,486913,488668,485322,484976,489312,486751,489660,
pos: 0.32
result: 470610,465769,464677,465126,467658,469918,468571,469507,466228,464787,466091,470528,469009,472794,464689,469168,471332,465884,468006,468204,
pos: 0.34
result: 445783,444081,448263,445428,439788,448286,445122,444971,446129,448419,448643,445712,448589,443900,446808,448792,446672,445328,446608,443960,
pos: 0.36
result: 420961,421783,416114,413152,412095,415363,414775,418142,417862,424773,413382,422098,413889,417910,419949,422838,427409,420087,424752,417627,
pos: 0.38
result: 375193,370084,375997,0,378718,346204,376835,376546,0,364271,360658,363060,0,368800,373877,355082,374244,358967,374592,363518,

