hash size: 1048576
rate: 0.6
pos: 0
result: 488879,488455,489205,489518,489559,490250,488941,489576,490016,489902,488796,488819,488362,489637,488722,489806,487912,489967,488443,489304,
pos: 0.2
result: 496853,494405,496968,496581,496253,496953,496846,496932,495924,497969,498041,494580,495225,495002,496242,496796,496496,496542,496151,496310,
pos: 0.4
result: 500385,500279,499142,500360,498507,500277,498434,501328,501729,499024,499560,500944,499669,500544,500617,499756,499695,498165,500274,499620,
pos: 0.6
result: 488941,489038,489896,488924,488923,489253,487991,489843,488835,489813,489313,489008,488065,489280,489235,487934,488087,490109,490355,488702,
pos: 0.8
result: 297805,298208,298494,299106,298367,298468,299579,298481,297768,298143,298912,296343,297506,299870,298908,301331,299826,297503,297522,299615,
pos: 1
result: 0,0,4,0,6,0,0,0,0,0,0,0,2,0,2,0,2,0,0,2,

hash size: 1048576
rate: 0.6
pos: 0
result: 487770,490034,488267,488770,489108,487989,485238,488055,489945,487549,487281,488373,488597,488925,489143,489390,490599,489341,489659,487507,
pos: 0.2
result: 496808,496589,497481,495131,497148,495414,497045,497511,495310,495602,497662,497777,494622,496596,496600,497872,496459,496527,497223,495573,
pos: 0.4
result: 500171,499036,500684,500061,501407,499711,499995,499755,499460,498609,499898,499563,498643,499776,500052,500049,500770,500492,499765,501173,
pos: 0.6
result: 489308,487171,489722,489347,488182,488592,489734,487949,488398,490520,488817,489599,488414,488896,489233,487897,489439,488435,487821,487391,
pos: 0.8
result: 297799,299117,297778,298525,298814,297034,299786,299187,298233,301053,300092,299830,298397,295509,297415,296991,299491,301055,301160,296882,
pos: 1
result: 0,0,4,2,0,4,4,2,6,0,0,4,0,0,0,0,0,0,0,6,

hash size: 1048576
rate: 0.6
pos: 0
result: 487635,488799,490324,489835,488897,486428,488836,489848,487392,487820,488736,488188,489659,487681,488828,487873,487962,488704,489831,490113,
pos: 0.2
result: 496874,495636,497903,496237,496799,495866,496618,495570,495361,496709,498096,496795,496907,495471,496168,496384,498158,496700,498028,497248,
pos: 0.4
result: 499880,500249,501058,500127,500411,500611,501504,498858,500527,498152,500345,501200,499087,499605,499792,500024,500998,498255,499989,500081,
pos: 0.6
result: 489972,488707,488183,487842,488452,487221,489205,488094,489358,488781,490175,488121,488960,489814,488795,487585,489241,489214,489871,488511,
pos: 0.8
result: 300918,300270,297933,299560,298011,299062,297733,298919,297228,297421,298319,297628,300737,302437,298642,297175,296461,299070,300715,295943,
pos: 1
result: 4,0,2,0,4,0,0,2,2,2,4,4,2,2,2,2,6,2,0,0,


hash size: 1048576
rate: 0.6
pos: 0.82
result: 261809,258510,263525,261625,261097,263086,264439,266391,265110,262929,260957,260573,263311,263126,262534,262303,260898,264736,262735,264467,
pos: 0.84
result: 12,213909,24,20,201421,30,32,26,24,4,24,26,4,214411,28,213494,207958,36,195366,2,
pos: 0.86
result: 2,10,8,8,6,26,6,2,20,0,2,12,22,2,4,16,20,0,22,4,
pos: 0.88
result: 0,4,4,0,20,0,0,0,0,12,0,14,0,0,2,0,0,0,4,8,
pos: 0.9
result: 0,2,2,2,0,0,0,2,0,2,0,4,2,0,0,0,2,0,0,2,
pos: 0.92
result: 0,0,12,2,2,0,0,0,0,4,4,0,0,0,0,0,6,0,2,0,
pos: 0.94
result: 14,2,0,2,2,8,0,0,0,0,2,0,6,6,6,6,0,20,0,0,
pos: 0.96
result: 2,8,18,0,2,2,0,2,0,4,0,2,0,6,0,4,0,0,2,0,
pos: 0.98
result: 0,4,0,0,0,6,4,4,8,2,0,0,0,0,2,0,0,4,4,0,
pos: 1
result: 0,0,0,0,6,2,0,2,0,4,0,2,12,0,8,0,2,0,6,0,
