hash size: 1048576
rate: 0.3
pos: 0.6
result: 382925,384834,379515,389774,378464,383467,383861,382196,383521,376622,386370,377765,379773,381370,377632,377991,376349,383418,383994,382300,
pos: 0.62
result: 0,336393,0,2,337098,0,322468,0,334916,329605,333188,0,2,331073,6,0,344708,323992,0,10,
pos: 0.64
result: 0,0,0,4,14,8,0,0,8,0,12,0,0,0,4,0,2,2,2,0,
pos: 0.66
result: 0,2,0,0,0,0,2,4,0,0,0,0,10,8,4,2,0,2,4,6,
pos: 0.68
result: 2,6,0,0,0,0,6,0,0,6,0,0,0,10,0,2,12,2,2,0,
pos: 0.7
result: 0,0,0,0,2,2,0,0,0,0,0,0,26,0,8,0,0,0,8,0,

hash size: 1048576
rate: 0.3
pos: 0.6
result: 374451,379880,380570,378988,384546,376676,375891,378580,378099,385182,379715,378207,374331,378141,376728,385850,380263,381301,378339,377695,
pos: 0.62
result: 345861,0,0,348974,0,0,10,322514,0,2,335229,2,4,339352,0,311078,331046,0,6,2,
pos: 0.64
result: 0,2,0,0,0,0,6,0,0,0,12,0,4,0,4,2,0,2,0,0,
pos: 0.66
result: 0,0,0,0,6,0,0,0,0,0,0,0,0,0,0,2,0,4,2,0,
pos: 0.68
result: 0,20,0,0,2,0,0,0,0,2,0,0,2,0,14,2,0,6,2,0,
pos: 0.7
result: 0,0,2,2,0,0,4,16,6,2,0,0,0,0,0,0,0,0,2,0,

hash size: 1048576
rate: 0.3
pos: 0.6
result: 379797,375574,380618,385481,385249,383012,371946,377497,381406,382905,377824,374910,383720,382247,378354,386973,385678,382605,380008,383011,
pos: 0.62
result: 343157,332090,329905,2,12,336013,0,335806,0,2,2,345776,0,327511,2,324575,0,319703,0,331275,
pos: 0.64
result: 0,12,0,0,0,0,0,0,8,6,10,2,0,0,0,2,2,2,4,0,
pos: 0.66
result: 2,4,14,0,0,6,2,2,0,8,0,0,0,4,0,0,0,0,6,8,
pos: 0.68
result: 0,0,0,12,0,4,2,0,0,0,0,0,2,2,0,0,6,8,2,0,
pos: 0.7
result: 0,0,0,0,10,4,6,0,0,2,0,24,4,0,4,8,0,0,0,0,

hash size: 1048576
rate: 0.3
pos: 0.7
result: 0,0,6,0,0,0,2,0,14,0,2,2,2,2,0,4,0,6,2,0,
pos: 0.72
result: 16,0,2,0,0,2,0,0,0,2,4,0,2,0,0,2,2,4,0,0,
pos: 0.74
result: 0,0,0,0,6,0,12,0,4,0,0,0,2,0,0,0,0,0,4,8,
pos: 0.76
result: 0,0,0,0,0,2,0,0,16,0,14,2,4,0,6,4,0,0,0,0,
pos: 0.78
result: 2,2,0,2,2,0,2,0,0,0,0,2,0,2,0,2,0,0,2,2,
pos: 0.8
result: 4,0,0,4,0,0,2,0,8,2,0,2,0,2,4,0,0,4,0,0,

hash size: 1048576
rate: 0.3
pos: 0.7
result: 0,0,0,0,2,2,0,18,0,0,0,0,4,0,22,2,6,0,6,0,
pos: 0.72
result: 8,4,8,2,6,2,2,10,2,0,0,0,0,2,0,0,0,6,6,0,
pos: 0.74
result: 2,0,6,2,0,0,2,8,4,6,0,8,6,2,0,0,4,0,6,0,
pos: 0.76
result: 0,0,0,4,2,2,0,6,2,0,0,0,0,0,0,4,0,14,0,0,
pos: 0.78
result: 0,0,2,6,0,0,2,2,14,0,0,0,0,0,0,4,0,0,0,8,
pos: 0.8
result: 0,0,4,2,4,0,0,0,0,2,0,2,6,0,10,10,2,4,0,0,

hash size: 1048576
rate: 0.3
pos: 0.7
result: 4,0,2,8,0,0,8,14,0,0,6,2,0,2,0,0,10,0,20,0,
pos: 0.72
result: 0,2,0,0,0,6,2,2,0,6,4,0,0,6,0,12,0,0,0,16,
pos: 0.74
result: 0,0,8,0,4,2,0,0,2,2,0,4,0,4,0,0,2,22,14,8,
pos: 0.76
result: 0,0,2,2,2,2,0,0,0,0,2,2,0,0,2,0,0,0,6,2,
pos: 0.78
result: 0,0,0,0,0,0,6,8,2,0,0,2,0,0,0,0,0,6,0,0,
pos: 0.8
result: 2,2,4,18,2,12,0,0,0,8,0,2,0,0,4,0,2,2,2,0,

