hash size: 1048576
rate: 0.3
pos: 0
result: 831514,831075,831875,831754,832124,831586,831744,831149,832074,831694,831403,831211,831949,831242,832338,831293,831331,831452,831118,831417,
pos: 0.2
result: 723129,723014,723223,722434,723982,721822,723416,722875,723108,723016,723640,722280,724493,723023,722315,722234,723204,721646,722728,722768,
pos: 0.4
result: 585436,585521,586639,587814,587163,587785,585081,585887,587332,587293,586999,587807,586077,586994,586331,586349,585770,589234,586916,585039,
pos: 0.6
result: 378502,381682,384626,380419,385638,381430,383215,377304,389269,384179,380309,378093,383579,382307,376949,382419,379816,377289,378177,381236,
pos: 0.8
result: 2,0,0,0,0,0,2,2,6,2,0,0,0,0,6,0,0,0,2,4,
pos: 1
result: 0,0,0,0,6,0,0,4,0,0,0,2,0,0,0,2,0,0,0,4,

hash size: 1048576
rate: 0.3
pos: 0
result: 830788,832303,831917,831794,831637,831705,831570,831698,831335,832241,830936,831376,830610,831620,831253,831770,831893,831602,830699,832122,
pos: 0.2
result: 722290,723754,722994,722294,722512,721324,723080,722122,722929,722237,723080,723404,722029,722848,722642,723752,722917,721800,723455,723511,
pos: 0.4
result: 587964,586126,587080,586418,586602,587175,586711,587719,586877,588279,585116,587189,587468,585768,586265,586657,586145,587583,587815,585231,
pos: 0.6
result: 380405,376097,374056,378298,385023,375083,382566,377530,376808,381902,381742,380982,379472,383713,377694,380071,383214,381053,383539,384433,
pos: 0.8
result: 24,2,0,18,0,0,0,6,6,0,8,4,0,0,0,2,4,0,0,0,
pos: 1
result: 2,0,2,4,0,0,0,2,4,0,2,2,0,0,12,0,0,0,6,2,

hash size: 1048576
rate: 0.3
pos: 0
result: 831134,830816,831941,831527,831775,831077,830828,831304,830167,831647,831223,831568,831574,831095,831832,831361,831043,831361,831567,832011,
pos: 0.2
result: 722558,723168,722322,722560,722128,721126,722448,721445,723273,723554,722324,722439,723401,723230,722202,722943,722071,722695,721528,723119,
pos: 0.4
result: 586853,587026,586380,585736,587100,586786,588323,587760,586962,585072,587300,588239,586011,586523,586126,588739,585674,587352,588651,586379,
pos: 0.6
result: 388029,381376,387710,377382,386930,373661,381593,387752,384682,380134,377598,374872,381145,372562,384302,384213,383611,379653,380977,378899,
pos: 0.8
result: 2,0,0,0,4,0,0,0,0,0,0,14,0,6,4,0,2,0,0,0,
pos: 1
result: 0,0,0,0,10,0,6,2,0,2,2,0,0,0,0,4,0,0,0,4,

